# JRE version: OpenJDK Runtime Environment (8.0_152-b06) (build 1.8.0_152-release-1136-b06)
# Java VM: OpenJDK 64-Bit Server VM (25.152-b06 mixed mode windows-amd64 compressed oops)
Heap:
 PSYoungGen      total 214528K, used 104602K [0x00000000e0000000, 0x00000000eee00000, 0x0000000100000000)
  eden space 185344K, 53% used [0x00000000e0000000,0x00000000e6080c88,0x00000000eb500000)
  from space 29184K, 19% used [0x00000000eb500000,0x00000000ebaa5eb0,0x00000000ed180000)
  to   space 27648K, 0% used [0x00000000ed300000,0x00000000ed300000,0x00000000eee00000)
 ParOldGen       total 123392K, used 71632K [0x00000000a0000000, 0x00000000a7880000, 0x00000000e0000000)
  object space 123392K, 58% used [0x00000000a0000000,0x00000000a45f43e8,0x00000000a7880000)
 Metaspace       used 92840K, capacity 96394K, committed 96728K, reserved 1134592K
  class space    used 11582K, capacity 12416K, committed 12544K, reserved 1048576K
GC Heap History (10 events):
Event: 2443.482 GC heap before
{Heap before GC invocations=49 (full 4):
 PSYoungGen      total 195584K, used 162432K [0x00000000e0000000, 0x00000000ee080000, 0x0000000100000000)
  eden space 162304K, 100% used [0x00000000e0000000,0x00000000e9e80000,0x00000000e9e80000)
  from space 33280K, 0% used [0x00000000ec000000,0x00000000ec020000,0x00000000ee080000)
  to   space 33792K, 0% used [0x00000000e9e80000,0x00000000e9e80000,0x00000000ebf80000)
 ParOldGen       total 123392K, used 71592K [0x00000000a0000000, 0x00000000a7880000, 0x00000000e0000000)
  object space 123392K, 58% used [0x00000000a0000000,0x00000000a45ea3e8,0x00000000a7880000)
 Metaspace       used 82332K, capacity 84798K, committed 86872K, reserved 1124352K
  class space    used 10328K, capacity 11017K, committed 11392K, reserved 1048576K
Event: 2443.495 GC heap after
Heap after GC invocations=49 (full 4):
 PSYoungGen      total 196096K, used 1495K [0x00000000e0000000, 0x00000000eed80000, 0x0000000100000000)
  eden space 162304K, 0% used [0x00000000e0000000,0x00000000e0000000,0x00000000e9e80000)
  from space 33792K, 4% used [0x00000000e9e80000,0x00000000e9ff5d08,0x00000000ebf80000)
  to   space 33792K, 0% used [0x00000000ecc80000,0x00000000ecc80000,0x00000000eed80000)
 ParOldGen       total 123392K, used 71600K [0x00000000a0000000, 0x00000000a7880000, 0x00000000e0000000)
  object space 123392K, 58% used [0x00000000a0000000,0x00000000a45ec3e8,0x00000000a7880000)
 Metaspace       used 82332K, capacity 84798K, committed 86872K, reserved 1124352K
  class space    used 10328K, capacity 11017K, committed 11392K, reserved 1048576K
}
Event: 2449.568 GC heap before
{Heap before GC invocations=50 (full 4):
 PSYoungGen      total 196096K, used 163799K [0x00000000e0000000, 0x00000000eed80000, 0x0000000100000000)
  eden space 162304K, 100% used [0x00000000e0000000,0x00000000e9e80000,0x00000000e9e80000)
  from space 33792K, 4% used [0x00000000e9e80000,0x00000000e9ff5d08,0x00000000ebf80000)
  to   space 33792K, 0% used [0x00000000ecc80000,0x00000000ecc80000,0x00000000eed80000)
 ParOldGen       total 123392K, used 71600K [0x00000000a0000000, 0x00000000a7880000, 0x00000000e0000000)
  object space 123392K, 58% used [0x00000000a0000000,0x00000000a45ec3e8,0x00000000a7880000)
 Metaspace       used 82625K, capacity 85228K, committed 86872K, reserved 1124352K
  class space    used 10376K, capacity 11090K, committed 11392K, reserved 1048576K
Event: 2449.581 GC heap after
Heap after GC invocations=50 (full 4):
 PSYoungGen      total 204288K, used 4289K [0x00000000e0000000, 0x00000000eea00000, 0x0000000100000000)
  eden space 174080K, 0% used [0x00000000e0000000,0x00000000e0000000,0x00000000eaa00000)
  from space 30208K, 14% used [0x00000000ecc80000,0x00000000ed0b0590,0x00000000eea00000)
  to   space 32768K, 0% used [0x00000000eaa00000,0x00000000eaa00000,0x00000000eca00000)
 ParOldGen       total 123392K, used 71608K [0x00000000a0000000, 0x00000000a7880000, 0x00000000e0000000)
  object space 123392K, 58% used [0x00000000a0000000,0x00000000a45ee3e8,0x00000000a7880000)
 Metaspace       used 82625K, capacity 85228K, committed 86872K, reserved 1124352K
  class space    used 10376K, capacity 11090K, committed 11392K, reserved 1048576K
}
Event: 2462.495 GC heap before
{Heap before GC invocations=51 (full 4):
 PSYoungGen      total 204288K, used 178369K [0x00000000e0000000, 0x00000000eea00000, 0x0000000100000000)
  eden space 174080K, 100% used [0x00000000e0000000,0x00000000eaa00000,0x00000000eaa00000)
  from space 30208K, 14% used [0x00000000ecc80000,0x00000000ed0b0590,0x00000000eea00000)
  to   space 32768K, 0% used [0x00000000eaa00000,0x00000000eaa00000,0x00000000eca00000)
 ParOldGen       total 123392K, used 71608K [0x00000000a0000000, 0x00000000a7880000, 0x00000000e0000000)
  object space 123392K, 58% used [0x00000000a0000000,0x00000000a45ee3e8,0x00000000a7880000)
 Metaspace       used 87418K, capacity 90400K, committed 91608K, reserved 1128448K
  class space    used 10999K, capacity 11755K, committed 12032K, reserved 1048576K
Event: 2462.514 GC heap after
Heap after GC invocations=51 (full 4):
 PSYoungGen      total 206848K, used 10293K [0x00000000e0000000, 0x00000000ef100000, 0x0000000100000000)
  eden space 174080K, 0% used [0x00000000e0000000,0x00000000e0000000,0x00000000eaa00000)
  from space 32768K, 31% used [0x00000000eaa00000,0x00000000eb40d6a0,0x00000000eca00000)
  to   space 30720K, 0% used [0x00000000ed300000,0x00000000ed300000,0x00000000ef100000)
 ParOldGen       total 123392K, used 71616K [0x00000000a0000000, 0x00000000a7880000, 0x00000000e0000000)
  object space 123392K, 58% used [0x00000000a0000000,0x00000000a45f03e8,0x00000000a7880000)
 Metaspace       used 87418K, capacity 90400K, committed 91608K, reserved 1128448K
  class space    used 10999K, capacity 11755K, committed 12032K, reserved 1048576K
}
Event: 2466.941 GC heap before
{Heap before GC invocations=52 (full 4):
 PSYoungGen      total 206848K, used 184373K [0x00000000e0000000, 0x00000000ef100000, 0x0000000100000000)
  eden space 174080K, 100% used [0x00000000e0000000,0x00000000eaa00000,0x00000000eaa00000)
  from space 32768K, 31% used [0x00000000eaa00000,0x00000000eb40d6a0,0x00000000eca00000)
  to   space 30720K, 0% used [0x00000000ed300000,0x00000000ed300000,0x00000000ef100000)
 ParOldGen       total 123392K, used 71616K [0x00000000a0000000, 0x00000000a7880000, 0x00000000e0000000)
  object space 123392K, 58% used [0x00000000a0000000,0x00000000a45f03e8,0x00000000a7880000)
 Metaspace       used 92440K, capacity 95992K, committed 96472K, reserved 1132544K
  class space    used 11556K, capacity 12383K, committed 12544K, reserved 1048576K
Event: 2466.966 GC heap after
Heap after GC invocations=52 (full 4):
 PSYoungGen      total 212992K, used 8278K [0x00000000e0000000, 0x00000000eee00000, 0x0000000100000000)
  eden space 185344K, 0% used [0x00000000e0000000,0x00000000e0000000,0x00000000eb500000)
  from space 27648K, 29% used [0x00000000ed300000,0x00000000edb15838,0x00000000eee00000)
  to   space 29184K, 0% used [0x00000000eb500000,0x00000000eb500000,0x00000000ed180000)
 ParOldGen       total 123392K, used 71624K [0x00000000a0000000, 0x00000000a7880000, 0x00000000e0000000)
  object space 123392K, 58% used [0x00000000a0000000,0x00000000a45f23e8,0x00000000a7880000)
 Metaspace       used 92440K, capacity 95992K, committed 96472K, reserved 1132544K
  class space    used 11556K, capacity 12383K, committed 12544K, reserved 1048576K
}
Event: 2470.825 GC heap before
{Heap before GC invocations=53 (full 4):
 PSYoungGen      total 212992K, used 193622K [0x00000000e0000000, 0x00000000eee00000, 0x0000000100000000)
  eden space 185344K, 100% used [0x00000000e0000000,0x00000000eb500000,0x00000000eb500000)
  from space 27648K, 29% used [0x00000000ed300000,0x00000000edb15838,0x00000000eee00000)
  to   space 29184K, 0% used [0x00000000eb500000,0x00000000eb500000,0x00000000ed180000)
 ParOldGen       total 123392K, used 71624K [0x00000000a0000000, 0x00000000a7880000, 0x00000000e0000000)
  object space 123392K, 58% used [0x00000000a0000000,0x00000000a45f23e8,0x00000000a7880000)
 Metaspace       used 92772K, capacity 96318K, committed 96728K, reserved 1134592K
  class space    used 11580K, capacity 12416K, committed 12544K, reserved 1048576K
Event: 2470.845 GC heap after
Heap after GC invocations=53 (full 4):
 PSYoungGen      total 214528K, used 5783K [0x00000000e0000000, 0x00000000eee00000, 0x0000000100000000)
  eden space 185344K, 0% used [0x00000000e0000000,0x00000000e0000000,0x00000000eb500000)
  from space 29184K, 19% used [0x00000000eb500000,0x00000000ebaa5eb0,0x00000000ed180000)
  to   space 27648K, 0% used [0x00000000ed300000,0x00000000ed300000,0x00000000eee00000)
 ParOldGen       total 123392K, used 71632K [0x00000000a0000000, 0x00000000a7880000, 0x00000000e0000000)
  object space 123392K, 58% used [0x00000000a0000000,0x00000000a45f43e8,0x00000000a7880000)
 Metaspace       used 92772K, capacity 96318K, committed 96728K, reserved 1134592K
  class space    used 11580K, capacity 12416K, committed 12544K, reserved 1048576K
}

